==56290== Memcheck, a memory error detector
==56290== Copyright (C) 2002-2024, and GNU GPL'd, by Julian Seward et al.
==56290== Using Valgrind-3.24.0 and LibVEX; rerun with -h for copyright info
==56290== Command: ./fdf fdf_project/maps/test_maps/elem-fract.fdf
==56290== Parent PID: 4695
==56290== 
==56290== 
==56290== HEAP SUMMARY:
==56290==     in use at exit: 63,061 bytes in 67 blocks
==56290==   total heap usage: 255,475 allocs, 255,408 frees, 20,416,860 bytes allocated
==56290== 
==56290== LEAK SUMMARY:
==56290==    definitely lost: 0 bytes in 0 blocks
==56290==    indirectly lost: 0 bytes in 0 blocks
==56290==      possibly lost: 0 bytes in 0 blocks
==56290==    still reachable: 63,061 bytes in 67 blocks
==56290==         suppressed: 0 bytes in 0 blocks
==56290== Reachable blocks (those to which a pointer was found) are not shown.
==56290== To see them, rerun with: --leak-check=full --show-leak-kinds=all
==56290== 
==56290== For lists of detected and suppressed errors, rerun with: -s
==56290== ERROR SUMMARY: 0 errors from 0 contexts (suppressed: 0 from 0)
