==55748== Memcheck, a memory error detector
==55748== Copyright (C) 2002-2024, and GNU GPL'd, by Julian Seward et al.
==55748== Using Valgrind-3.24.0 and LibVEX; rerun with -h for copyright info
==55748== Command: ./fdf maps/test_maps/*.fdf
==55748== Parent PID: 55745
==55748== 
==55748== 
==55748== HEAP SUMMARY:
==55748==     in use at exit: 80,000 bytes in 1 blocks
==55748==   total heap usage: 4 allocs, 3 frees, 80,120 bytes allocated
==55748== 
==55748== LEAK SUMMARY:
==55748==    definitely lost: 0 bytes in 0 blocks
==55748==    indirectly lost: 0 bytes in 0 blocks
==55748==      possibly lost: 0 bytes in 0 blocks
==55748==    still reachable: 80,000 bytes in 1 blocks
==55748==         suppressed: 0 bytes in 0 blocks
==55748== Reachable blocks (those to which a pointer was found) are not shown.
==55748== To see them, rerun with: --leak-check=full --show-leak-kinds=all
==55748== 
==55748== For lists of detected and suppressed errors, rerun with: -s
==55748== ERROR SUMMARY: 0 errors from 0 contexts (suppressed: 0 from 0)
