==55927== Memcheck, a memory error detector
==55927== Copyright (C) 2002-2024, and GNU GPL'd, by Julian Seward et al.
==55927== Using Valgrind-3.24.0 and LibVEX; rerun with -h for copyright info
==55927== Command: ./fdf fdf_project/maps/test_maps/10-2.fdf
==55927== Parent PID: 55921
==55927== 
==55927== 
==55927== HEAP SUMMARY:
==55927==     in use at exit: 63,685 bytes in 70 blocks
==55927==   total heap usage: 350 allocs, 280 frees, 168,283 bytes allocated
==55927== 
==55927== LEAK SUMMARY:
==55927==    definitely lost: 0 bytes in 0 blocks
==55927==    indirectly lost: 0 bytes in 0 blocks
==55927==      possibly lost: 0 bytes in 0 blocks
==55927==    still reachable: 63,685 bytes in 70 blocks
==55927==         suppressed: 0 bytes in 0 blocks
==55927== Reachable blocks (those to which a pointer was found) are not shown.
==55927== To see them, rerun with: --leak-check=full --show-leak-kinds=all
==55927== 
==55927== For lists of detected and suppressed errors, rerun with: -s
==55927== ERROR SUMMARY: 0 errors from 0 contexts (suppressed: 0 from 0)
