==55956== Memcheck, a memory error detector
==55956== Copyright (C) 2002-2024, and GNU GPL'd, by Julian Seward et al.
==55956== Using Valgrind-3.24.0 and LibVEX; rerun with -h for copyright info
==55956== Command: ./fdf fdf_project/maps/test_maps/10-70.fdf
==55956== Parent PID: 55921
==55956== 
==55956== 
==55956== HEAP SUMMARY:
==55956==     in use at exit: 63,685 bytes in 70 blocks
==55956==   total heap usage: 350 allocs, 280 frees, 169,162 bytes allocated
==55956== 
==55956== LEAK SUMMARY:
==55956==    definitely lost: 0 bytes in 0 blocks
==55956==    indirectly lost: 0 bytes in 0 blocks
==55956==      possibly lost: 0 bytes in 0 blocks
==55956==    still reachable: 63,685 bytes in 70 blocks
==55956==         suppressed: 0 bytes in 0 blocks
==55956== Reachable blocks (those to which a pointer was found) are not shown.
==55956== To see them, rerun with: --leak-check=full --show-leak-kinds=all
==55956== 
==55956== For lists of detected and suppressed errors, rerun with: -s
==55956== ERROR SUMMARY: 0 errors from 0 contexts (suppressed: 0 from 0)
