==55924== Memcheck, a memory error detector
==55924== Copyright (C) 2002-2024, and GNU GPL'd, by Julian Seward et al.
==55924== Using Valgrind-3.24.0 and LibVEX; rerun with -h for copyright info
==55924== Command: ./fdf fdf_project/maps/test_maps/100-6.fdf
==55924== Parent PID: 55921
==55924== 
==55924== 
==55924== HEAP SUMMARY:
==55924==     in use at exit: 63,269 bytes in 68 blocks
==55924==   total heap usage: 10,717 allocs, 10,649 frees, 505,524 bytes allocated
==55924== 
==55924== LEAK SUMMARY:
==55924==    definitely lost: 0 bytes in 0 blocks
==55924==    indirectly lost: 0 bytes in 0 blocks
==55924==      possibly lost: 0 bytes in 0 blocks
==55924==    still reachable: 63,269 bytes in 68 blocks
==55924==         suppressed: 0 bytes in 0 blocks
==55924== Reachable blocks (those to which a pointer was found) are not shown.
==55924== To see them, rerun with: --leak-check=full --show-leak-kinds=all
==55924== 
==55924== For lists of detected and suppressed errors, rerun with: -s
==55924== ERROR SUMMARY: 0 errors from 0 contexts (suppressed: 0 from 0)
