==55986== Memcheck, a memory error detector
==55986== Copyright (C) 2002-2024, and GNU GPL'd, by Julian Seward et al.
==55986== Using Valgrind-3.24.0 and LibVEX; rerun with -h for copyright info
==55986== Command: ./fdf fdf_project/maps/test_maps/42.fdf
==55986== Parent PID: 55921
==55986== 
==55986== 
==55986== HEAP SUMMARY:
==55986==     in use at exit: 63,685 bytes in 70 blocks
==55986==   total heap usage: 464 allocs, 394 frees, 173,683 bytes allocated
==55986== 
==55986== LEAK SUMMARY:
==55986==    definitely lost: 0 bytes in 0 blocks
==55986==    indirectly lost: 0 bytes in 0 blocks
==55986==      possibly lost: 0 bytes in 0 blocks
==55986==    still reachable: 63,685 bytes in 70 blocks
==55986==         suppressed: 0 bytes in 0 blocks
==55986== Reachable blocks (those to which a pointer was found) are not shown.
==55986== To see them, rerun with: --leak-check=full --show-leak-kinds=all
==55986== 
==55986== For lists of detected and suppressed errors, rerun with: -s
==55986== ERROR SUMMARY: 0 errors from 0 contexts (suppressed: 0 from 0)
