==55996== Memcheck, a memory error detector
==55996== Copyright (C) 2002-2024, and GNU GPL'd, by Julian Seward et al.
==55996== Using Valgrind-3.24.0 and LibVEX; rerun with -h for copyright info
==55996== Command: ./fdf fdf_project/maps/test_maps/50-4.fdf
==55996== Parent PID: 55921
==55996== 
==55996== 
==55996== HEAP SUMMARY:
==55996==     in use at exit: 63,685 bytes in 70 blocks
==55996==   total heap usage: 2,955 allocs, 2,885 frees, 279,169 bytes allocated
==55996== 
==55996== LEAK SUMMARY:
==55996==    definitely lost: 0 bytes in 0 blocks
==55996==    indirectly lost: 0 bytes in 0 blocks
==55996==      possibly lost: 0 bytes in 0 blocks
==55996==    still reachable: 63,685 bytes in 70 blocks
==55996==         suppressed: 0 bytes in 0 blocks
==55996== Reachable blocks (those to which a pointer was found) are not shown.
==55996== To see them, rerun with: --leak-check=full --show-leak-kinds=all
==55996== 
==55996== For lists of detected and suppressed errors, rerun with: -s
==55996== ERROR SUMMARY: 0 errors from 0 contexts (suppressed: 0 from 0)
