==56062== Memcheck, a memory error detector
==56062== Copyright (C) 2002-2024, and GNU GPL'd, by Julian Seward et al.
==56062== Using Valgrind-3.24.0 and LibVEX; rerun with -h for copyright info
==56062== Command: ./fdf fdf_project/maps/test_maps/elem-fract.fdf
==56062== Parent PID: 55921
==56062== 
==56062== 
==56062== Process terminating with default action of signal 2 (SIGINT)
==56062==    at 0x10BF76: draw_line (in /home/procha-r/Documents/tronc_commun/fdf/fdf)
==56062==    by 0x10BAB4: draw_right (in /home/procha-r/Documents/tronc_commun/fdf/fdf)
==56062==    by 0x10BCD7: draw_wireframe (in /home/procha-r/Documents/tronc_commun/fdf/fdf)
==56062==    by 0x10A994: main (in /home/procha-r/Documents/tronc_commun/fdf/fdf)
==56062== 
==56062== HEAP SUMMARY:
==56062==     in use at exit: 1,068,717 bytes in 573 blocks
==56062==   total heap usage: 255,459 allocs, 254,886 frees, 20,415,716 bytes allocated
==56062== 
==56062== LEAK SUMMARY:
==56062==    definitely lost: 0 bytes in 0 blocks
==56062==    indirectly lost: 0 bytes in 0 blocks
==56062==      possibly lost: 0 bytes in 0 blocks
==56062==    still reachable: 1,068,717 bytes in 573 blocks
==56062==         suppressed: 0 bytes in 0 blocks
==56062== Reachable blocks (those to which a pointer was found) are not shown.
==56062== To see them, rerun with: --leak-check=full --show-leak-kinds=all
==56062== 
==56062== For lists of detected and suppressed errors, rerun with: -s
==56062== ERROR SUMMARY: 0 errors from 0 contexts (suppressed: 0 from 0)
