==56000== Memcheck, a memory error detector
==56000== Copyright (C) 2002-2024, and GNU GPL'd, by Julian Seward et al.
==56000== Using Valgrind-3.24.0 and LibVEX; rerun with -h for copyright info
==56000== Command: ./fdf fdf_project/maps/test_maps/elem2.fdf
==56000== Parent PID: 55921
==56000== 
==56000== 
==56000== HEAP SUMMARY:
==56000==     in use at exit: 62,437 bytes in 64 blocks
==56000==   total heap usage: 683 allocs, 619 frees, 190,853 bytes allocated
==56000== 
==56000== LEAK SUMMARY:
==56000==    definitely lost: 0 bytes in 0 blocks
==56000==    indirectly lost: 0 bytes in 0 blocks
==56000==      possibly lost: 0 bytes in 0 blocks
==56000==    still reachable: 62,437 bytes in 64 blocks
==56000==         suppressed: 0 bytes in 0 blocks
==56000== Reachable blocks (those to which a pointer was found) are not shown.
==56000== To see them, rerun with: --leak-check=full --show-leak-kinds=all
==56000== 
==56000== For lists of detected and suppressed errors, rerun with: -s
==56000== ERROR SUMMARY: 0 errors from 0 contexts (suppressed: 0 from 0)
