==56057== Memcheck, a memory error detector
==56057== Copyright (C) 2002-2024, and GNU GPL'd, by Julian Seward et al.
==56057== Using Valgrind-3.24.0 and LibVEX; rerun with -h for copyright info
==56057== Command: ./fdf fdf_project/maps/test_maps/elem-col.fdf
==56057== Parent PID: 55921
==56057== 
==56057== 
==56057== HEAP SUMMARY:
==56057==     in use at exit: 64,309 bytes in 73 blocks
==56057==   total heap usage: 359 allocs, 286 frees, 170,083 bytes allocated
==56057== 
==56057== LEAK SUMMARY:
==56057==    definitely lost: 0 bytes in 0 blocks
==56057==    indirectly lost: 0 bytes in 0 blocks
==56057==      possibly lost: 0 bytes in 0 blocks
==56057==    still reachable: 64,309 bytes in 73 blocks
==56057==         suppressed: 0 bytes in 0 blocks
==56057== Reachable blocks (those to which a pointer was found) are not shown.
==56057== To see them, rerun with: --leak-check=full --show-leak-kinds=all
==56057== 
==56057== For lists of detected and suppressed errors, rerun with: -s
==56057== ERROR SUMMARY: 0 errors from 0 contexts (suppressed: 0 from 0)
