==56059== Memcheck, a memory error detector
==56059== Copyright (C) 2002-2024, and GNU GPL'd, by Julian Seward et al.
==56059== Using Valgrind-3.24.0 and LibVEX; rerun with -h for copyright info
==56059== Command: ./fdf fdf_project/maps/test_maps/elem.fdf
==56059== Parent PID: 55921
==56059== 
==56059== 
==56059== HEAP SUMMARY:
==56059==     in use at exit: 63,685 bytes in 70 blocks
==56059==   total heap usage: 350 allocs, 280 frees, 168,673 bytes allocated
==56059== 
==56059== LEAK SUMMARY:
==56059==    definitely lost: 0 bytes in 0 blocks
==56059==    indirectly lost: 0 bytes in 0 blocks
==56059==      possibly lost: 0 bytes in 0 blocks
==56059==    still reachable: 63,685 bytes in 70 blocks
==56059==         suppressed: 0 bytes in 0 blocks
==56059== Reachable blocks (those to which a pointer was found) are not shown.
==56059== To see them, rerun with: --leak-check=full --show-leak-kinds=all
==56059== 
==56059== For lists of detected and suppressed errors, rerun with: -s
==56059== ERROR SUMMARY: 0 errors from 0 contexts (suppressed: 0 from 0)
